2-May-2010 12:33:47 PM com.springsource.tcserver.security.PropertyDecoder <init>
INFO: tcServer property decoder has been initialized.
2-May-2010 12:33:47 PM com.springsource.tcserver.serviceability.rmi.JmxSocketListener init
INFO: Started up JMX registry on 127.0.0.1:6969
2-May-2010 12:33:47 PM org.apache.coyote.http11.Http11Protocol init
INFO: Initializing Coyote HTTP/1.1 on http-8080
2-May-2010 12:33:47 PM org.apache.catalina.startup.Catalina load
INFO: Initialization processed in 1353 ms
2-May-2010 12:33:47 PM org.apache.catalina.core.StandardService start
INFO: Starting service Catalina
2-May-2010 12:33:47 PM org.apache.catalina.core.StandardEngine start
INFO: Starting Servlet Engine: SpringSource tc Server runtime/6.0.25.A
2-May-2010 12:33:47 PM org.apache.catalina.startup.HostConfig deployWAR
INFO: Deploying web application archive djoser.war
2-May-2010 12:33:57 PM org.apache.catalina.core.ApplicationContext log
INFO: Initializing Spring root WebApplicationContext
[TomcatAspectJWeavingClassLoader@7449cf9f] warning javax.* types are not being woven because the weaver option '-Xset:weaveJavaxPackages=true' has not been specified
loading security config ...
loading NodeStore ... 
+----------+-----------------+------------+--------------+--------------------------------+----------------------------------------+
|    id    |   Connection    |   Nodes    |  Properties  |        Driver Classname        |              URL Pattern               |
+----------+-----------------+------------+--------------+--------------------------------+----------------------------------------+
|   100    |      Mysql      |     3      |      4       |     com.mysql.jdbc.Driver      | jdbc:mysql://[host]:[port]/[database]  |
+----------+-----------------+------------+--------------+--------------------------------+----------------------------------------+
|   121    |     Oracle      |     1      |      -       |oracle.jdbc.driver.OracleDriver |         jdbc:oracle:oci:@[sid]         |
+----------+-----------------+------------+--------------+--------------------------------+----------------------------------------+
|   123    |     Sybase      |     1      |      -       |sybase.jdbc.driver.OracleDriver |         jdbc:sybase:oci:@[sid]         |
+----------+-----------------+------------+--------------+--------------------------------+----------------------------------------+
+-----------------+-----------------+-----------------+-----------------+-----------------+-----------------+-----------------+-----------------+
|                                                            Connection Mysql Nodes                                                             |
+-----------------+-----------------+-----------------+-----------------+-----------------+-----------------+-----------------+-----------------+
|     NodeId      |      Node       |      leaf       |      Event      |     EventId     |    HandlerId    | Handler Layout  |  Handler Label  |
+-----------------+-----------------+-----------------+-----------------+-----------------+-----------------+-----------------+-----------------+
|       101       |      Mysql      |      false      |     onLoad      |       102       |       103       |      tree       |                 |
+-----------------+-----------------+-----------------+-----------------+-----------------+-----------------+-----------------+-----------------+
|       ...       |       ...       |       ...       |     onClick     |       104       |       105       |      list       |   Properties    |
+-----------------+-----------------+-----------------+-----------------+-----------------+-----------------+-----------------+-----------------+
|       ...       |       ...       |       ...       |    onExpand     |       106       |       120       |      tree       |        -        |
+-----------------+-----------------+-----------------+-----------------+-----------------+-----------------+-----------------+-----------------+
|       107       |     Tables      |      false      |    onExpand     |       108       |       109       |      tree       |                 |
+-----------------+-----------------+-----------------+-----------------+-----------------+-----------------+-----------------+-----------------+
|       ...       |       ...       |       ...       |     onClick     |       110       |       111       |      list       |   Properties    |
+-----------------+-----------------+-----------------+-----------------+-----------------+-----------------+-----------------+-----------------+
|       ...       |       ...       |       ...       |       ...       |       ...       |       112       |      grid       |     Columns     |
+-----------------+-----------------+-----------------+-----------------+-----------------+-----------------+-----------------+-----------------+
|       ...       |       ...       |       ...       |       ...       |       ...       |       113       |      grid       |      Data       |
+-----------------+-----------------+-----------------+-----------------+-----------------+-----------------+-----------------+-----------------+
|       ...       |       ...       |       ...       |       ...       |       ...       |       114       |      list       |     Script      |
+-----------------+-----------------+-----------------+-----------------+-----------------+-----------------+-----------------+-----------------+
|       115       |    Triggers     |      false      |    onExpand     |       116       |       117       |      tree       |                 |
+-----------------+-----------------+-----------------+-----------------+-----------------+-----------------+-----------------+-----------------+
|       ...       |       ...       |       ...       |     onClick     |       118       |       119       |      list       |   Properties    |
+-----------------+-----------------+-----------------+-----------------+-----------------+-----------------+-----------------+-----------------+
+-----------------+-----------------+-----------------+-----------------+-----------------+-----------------+-----------------+-----------------+
|                                                            Connection Oracle Nodes                                                            |
+-----------------+-----------------+-----------------+-----------------+-----------------+-----------------+-----------------+-----------------+
|     NodeId      |      Node       |      leaf       |      Event      |     EventId     |    HandlerId    | Handler Layout  |  Handler Label  |
+-----------------+-----------------+-----------------+-----------------+-----------------+-----------------+-----------------+-----------------+
|       122       |     Oracle      |      true       |                 |                 |                 |                 |                 |
+-----------------+-----------------+-----------------+-----------------+-----------------+-----------------+-----------------+-----------------+
+-----------------+-----------------+-----------------+-----------------+-----------------+-----------------+-----------------+-----------------+
|                                                            Connection Sybase Nodes                                                            |
+-----------------+-----------------+-----------------+-----------------+-----------------+-----------------+-----------------+-----------------+
|     NodeId      |      Node       |      leaf       |      Event      |     EventId     |    HandlerId    | Handler Layout  |  Handler Label  |
+-----------------+-----------------+-----------------+-----------------+-----------------+-----------------+-----------------+-----------------+
|       124       |     Sybase      |      true       |                 |                 |                 |                 |                 |
+-----------------+-----------------+-----------------+-----------------+-----------------+-----------------+-----------------+-----------------+
----------------Tracing action /login/index-----------------
Tracing action /login/index
2-May-2010 12:38:10 PM com.springsource.tcserver.security.PropertyDecoder <init>
INFO: tcServer property decoder has been initialized.
2-May-2010 12:38:10 PM com.springsource.tcserver.serviceability.rmi.JmxSocketListener init
INFO: Started up JMX registry on 127.0.0.1:6969
2-May-2010 12:38:10 PM org.apache.coyote.http11.Http11Protocol init
INFO: Initializing Coyote HTTP/1.1 on http-8080
2-May-2010 12:38:10 PM org.apache.catalina.startup.Catalina load
INFO: Initialization processed in 981 ms
2-May-2010 12:38:10 PM org.apache.catalina.core.StandardService start
INFO: Starting service Catalina
2-May-2010 12:38:10 PM org.apache.catalina.core.StandardEngine start
INFO: Starting Servlet Engine: SpringSource tc Server runtime/6.0.25.A
2-May-2010 12:38:10 PM org.apache.catalina.startup.HostConfig deployWAR
INFO: Deploying web application archive djoser.war
2-May-2010 12:38:15 PM org.apache.catalina.core.ApplicationContext log
INFO: Initializing Spring root WebApplicationContext
[TomcatAspectJWeavingClassLoader@319da967] warning javax.* types are not being woven because the weaver option '-Xset:weaveJavaxPackages=true' has not been specified
loading security config ...
loading NodeStore ... 
+----------+-----------------+------------+--------------+--------------------------------+----------------------------------------+
|    id    |   Connection    |   Nodes    |  Properties  |        Driver Classname        |              URL Pattern               |
+----------+-----------------+------------+--------------+--------------------------------+----------------------------------------+
|   100    |      Mysql      |     3      |      4       |     com.mysql.jdbc.Driver      | jdbc:mysql://[host]:[port]/[database]  |
+----------+-----------------+------------+--------------+--------------------------------+----------------------------------------+
|   121    |     Oracle      |     1      |      -       |oracle.jdbc.driver.OracleDriver |         jdbc:oracle:oci:@[sid]         |
+----------+-----------------+------------+--------------+--------------------------------+----------------------------------------+
|   123    |     Sybase      |     1      |      -       |sybase.jdbc.driver.OracleDriver |         jdbc:sybase:oci:@[sid]         |
+----------+-----------------+------------+--------------+--------------------------------+----------------------------------------+
+-----------------+-----------------+-----------------+-----------------+-----------------+-----------------+-----------------+-----------------+
|                                                            Connection Mysql Nodes                                                             |
+-----------------+-----------------+-----------------+-----------------+-----------------+-----------------+-----------------+-----------------+
|     NodeId      |      Node       |      leaf       |      Event      |     EventId     |    HandlerId    | Handler Layout  |  Handler Label  |
+-----------------+-----------------+-----------------+-----------------+-----------------+-----------------+-----------------+-----------------+
|       101       |      Mysql      |      false      |     onLoad      |       102       |       103       |      tree       |                 |
+-----------------+-----------------+-----------------+-----------------+-----------------+-----------------+-----------------+-----------------+
|       ...       |       ...       |       ...       |     onClick     |       104       |       105       |      list       |   Properties    |
+-----------------+-----------------+-----------------+-----------------+-----------------+-----------------+-----------------+-----------------+
|       ...       |       ...       |       ...       |    onExpand     |       106       |       120       |      tree       |        -        |
+-----------------+-----------------+-----------------+-----------------+-----------------+-----------------+-----------------+-----------------+
|       107       |     Tables      |      false      |    onExpand     |       108       |       109       |      tree       |                 |
+-----------------+-----------------+-----------------+-----------------+-----------------+-----------------+-----------------+-----------------+
|       ...       |       ...       |       ...       |     onClick     |       110       |       111       |      list       |   Properties    |
+-----------------+-----------------+-----------------+-----------------+-----------------+-----------------+-----------------+-----------------+
|       ...       |       ...       |       ...       |       ...       |       ...       |       112       |      grid       |     Columns     |
+-----------------+-----------------+-----------------+-----------------+-----------------+-----------------+-----------------+-----------------+
|       ...       |       ...       |       ...       |       ...       |       ...       |       113       |      grid       |      Data       |
+-----------------+-----------------+-----------------+-----------------+-----------------+-----------------+-----------------+-----------------+
|       ...       |       ...       |       ...       |       ...       |       ...       |       114       |      list       |     Script      |
+-----------------+-----------------+-----------------+-----------------+-----------------+-----------------+-----------------+-----------------+
|       115       |    Triggers     |      false      |    onExpand     |       116       |       117       |      tree       |                 |
+-----------------+-----------------+-----------------+-----------------+-----------------+-----------------+-----------------+-----------------+
|       ...       |       ...       |       ...       |     onClick     |       118       |       119       |      list       |   Properties    |
+-----------------+-----------------+-----------------+-----------------+-----------------+-----------------+-----------------+-----------------+
+-----------------+-----------------+-----------------+-----------------+-----------------+-----------------+-----------------+-----------------+
|                                                            Connection Oracle Nodes                                                            |
+-----------------+-----------------+-----------------+-----------------+-----------------+-----------------+-----------------+-----------------+
|     NodeId      |      Node       |      leaf       |      Event      |     EventId     |    HandlerId    | Handler Layout  |  Handler Label  |
+-----------------+-----------------+-----------------+-----------------+-----------------+-----------------+-----------------+-----------------+
|       122       |     Oracle      |      true       |                 |                 |                 |                 |                 |
+-----------------+-----------------+-----------------+-----------------+-----------------+-----------------+-----------------+-----------------+
+-----------------+-----------------+-----------------+-----------------+-----------------+-----------------+-----------------+-----------------+
|                                                            Connection Sybase Nodes                                                            |
+-----------------+-----------------+-----------------+-----------------+-----------------+-----------------+-----------------+-----------------+
|     NodeId      |      Node       |      leaf       |      Event      |     EventId     |    HandlerId    | Handler Layout  |  Handler Label  |
+-----------------+-----------------+-----------------+-----------------+-----------------+-----------------+-----------------+-----------------+
|       124       |     Sybase      |      true       |                 |                 |                 |                 |                 |
+-----------------+-----------------+-----------------+-----------------+-----------------+-----------------+-----------------+-----------------+
----------------Tracing action /login/index-----------------
Tracing action /login/index
--------------Tracing action /connection/list---------------
Successfully established connection to jdbc:mysql://localhost:3306/?useUnicode=yes&characterEncoding=UTF-8&zeroDateTimeBehavior=convertToNull
-------------Tracing action /login/ajaxSuccess--------------
Tracing action /login/ajaxSuccess
---------------Tracing action /browser/index----------------
----------------Tracing action /browser/list----------------
Retrieving content for ownerId:101 eventId: 102
Executing  SELECT SCHEMA_NAME,DEFAULT_CHARACTER_SET_NAME,DEFAULT_COLLATION_NAME FROM information_schema.SCHEMATA
----------------Tracing action /browser/list----------------
Retrieving content for ownerId:101 eventId: 104
Executing Properties SELECT SCHEMA_NAME,DEFAULT_CHARACTER_SET_NAME,DEFAULT_COLLATION_NAME FROM information_schema.SCHEMATA WHERE SCHEMA_NAME=:SCHEMA_NAME
[[SCHEMA_NAME:hibeext, DEFAULT_CHARACTER_SET_NAME:utf8, DEFAULT_COLLATION_NAME:utf8_general_ci]]
----------------Tracing action /browser/list----------------
Retrieving content for ownerId:101 eventId: 106
Executing  [Node -> id:'107', label:'Tables', Node -> id:'115', label:'Triggers']
----------------Tracing action /browser/list----------------
Retrieving content for ownerId:107 eventId: 108
Executing  SELECT TABLE_NAME,TABLE_SCHEMA FROM information_schema.tables where TABLE_SCHEMA=:SCHEMA_NAME
----------------Tracing action /browser/list----------------
Retrieving content for ownerId:115 eventId: 116
Executing  SELECT TRIGGER_NAME from information_schema.triggers where trigger_SCHEMA=:SCHEMA_NAME
----------------Tracing action /browser/list----------------
Retrieving content for ownerId:101 eventId: 106
Executing  [Node -> id:'107', label:'Tables', Node -> id:'115', label:'Triggers']
----------------Tracing action /browser/list----------------
Retrieving content for ownerId:107 eventId: 108
Executing  SELECT TABLE_NAME,TABLE_SCHEMA FROM information_schema.tables where TABLE_SCHEMA=:SCHEMA_NAME
2-May-2010 12:46:34 PM com.springsource.tcserver.security.PropertyDecoder <init>
INFO: tcServer property decoder has been initialized.
2-May-2010 12:46:35 PM com.springsource.tcserver.serviceability.rmi.JmxSocketListener init
INFO: Started up JMX registry on 127.0.0.1:6969
2-May-2010 12:46:35 PM org.apache.coyote.http11.Http11Protocol init
INFO: Initializing Coyote HTTP/1.1 on http-8080
2-May-2010 12:46:35 PM org.apache.catalina.startup.Catalina load
INFO: Initialization processed in 977 ms
2-May-2010 12:46:35 PM org.apache.catalina.core.StandardService start
INFO: Starting service Catalina
2-May-2010 12:46:35 PM org.apache.catalina.core.StandardEngine start
INFO: Starting Servlet Engine: SpringSource tc Server runtime/6.0.25.A
2-May-2010 12:46:35 PM org.apache.catalina.startup.HostConfig deployWAR
INFO: Deploying web application archive djoser.war
2-May-2010 12:46:40 PM org.apache.catalina.core.ApplicationContext log
INFO: Initializing Spring root WebApplicationContext
[TomcatAspectJWeavingClassLoader@769aba32] warning javax.* types are not being woven because the weaver option '-Xset:weaveJavaxPackages=true' has not been specified
loading security config ...
loading NodeStore ... 
+----------+-----------------+------------+--------------+--------------------------------+----------------------------------------+
|    id    |   Connection    |   Nodes    |  Properties  |        Driver Classname        |              URL Pattern               |
+----------+-----------------+------------+--------------+--------------------------------+----------------------------------------+
|   100    |      Mysql      |     3      |      4       |     com.mysql.jdbc.Driver      | jdbc:mysql://[host]:[port]/[database]  |
+----------+-----------------+------------+--------------+--------------------------------+----------------------------------------+
|   121    |     Oracle      |     1      |      -       |oracle.jdbc.driver.OracleDriver |         jdbc:oracle:oci:@[sid]         |
+----------+-----------------+------------+--------------+--------------------------------+----------------------------------------+
|   123    |     Sybase      |     1      |      -       |sybase.jdbc.driver.OracleDriver |         jdbc:sybase:oci:@[sid]         |
+----------+-----------------+------------+--------------+--------------------------------+----------------------------------------+
+-----------------+-----------------+-----------------+-----------------+-----------------+-----------------+-----------------+-----------------+
|                                                            Connection Mysql Nodes                                                             |
+-----------------+-----------------+-----------------+-----------------+-----------------+-----------------+-----------------+-----------------+
|     NodeId      |      Node       |      leaf       |      Event      |     EventId     |    HandlerId    | Handler Layout  |  Handler Label  |
+-----------------+-----------------+-----------------+-----------------+-----------------+-----------------+-----------------+-----------------+
|       101       |      Mysql      |      false      |     onLoad      |       102       |       103       |      tree       |                 |
+-----------------+-----------------+-----------------+-----------------+-----------------+-----------------+-----------------+-----------------+
|       ...       |       ...       |       ...       |     onClick     |       104       |       105       |      list       |   Properties    |
+-----------------+-----------------+-----------------+-----------------+-----------------+-----------------+-----------------+-----------------+
|       ...       |       ...       |       ...       |    onExpand     |       106       |       120       |      tree       |        -        |
+-----------------+-----------------+-----------------+-----------------+-----------------+-----------------+-----------------+-----------------+
|       107       |     Tables      |      false      |    onExpand     |       108       |       109       |      tree       |                 |
+-----------------+-----------------+-----------------+-----------------+-----------------+-----------------+-----------------+-----------------+
|       ...       |       ...       |       ...       |     onClick     |       110       |       111       |      list       |   Properties    |
+-----------------+-----------------+-----------------+-----------------+-----------------+-----------------+-----------------+-----------------+
|       ...       |       ...       |       ...       |       ...       |       ...       |       112       |      grid       |     Columns     |
+-----------------+-----------------+-----------------+-----------------+-----------------+-----------------+-----------------+-----------------+
|       ...       |       ...       |       ...       |       ...       |       ...       |       113       |      grid       |      Data       |
+-----------------+-----------------+-----------------+-----------------+-----------------+-----------------+-----------------+-----------------+
|       ...       |       ...       |       ...       |       ...       |       ...       |       114       |      list       |     Script      |
+-----------------+-----------------+-----------------+-----------------+-----------------+-----------------+-----------------+-----------------+
|       115       |    Triggers     |      false      |    onExpand     |       116       |       117       |      tree       |                 |
+-----------------+-----------------+-----------------+-----------------+-----------------+-----------------+-----------------+-----------------+
|       ...       |       ...       |       ...       |     onClick     |       118       |       119       |      list       |   Properties    |
+-----------------+-----------------+-----------------+-----------------+-----------------+-----------------+-----------------+-----------------+
+-----------------+-----------------+-----------------+-----------------+-----------------+-----------------+-----------------+-----------------+
|                                                            Connection Oracle Nodes                                                            |
+-----------------+-----------------+-----------------+-----------------+-----------------+-----------------+-----------------+-----------------+
|     NodeId      |      Node       |      leaf       |      Event      |     EventId     |    HandlerId    | Handler Layout  |  Handler Label  |
+-----------------+-----------------+-----------------+-----------------+-----------------+-----------------+-----------------+-----------------+
|       122       |     Oracle      |      true       |                 |                 |                 |                 |                 |
+-----------------+-----------------+-----------------+-----------------+-----------------+-----------------+-----------------+-----------------+
+-----------------+-----------------+-----------------+-----------------+-----------------+-----------------+-----------------+-----------------+
|                                                            Connection Sybase Nodes                                                            |
+-----------------+-----------------+-----------------+-----------------+-----------------+-----------------+-----------------+-----------------+
|     NodeId      |      Node       |      leaf       |      Event      |     EventId     |    HandlerId    | Handler Layout  |  Handler Label  |
+-----------------+-----------------+-----------------+-----------------+-----------------+-----------------+-----------------+-----------------+
|       124       |     Sybase      |      true       |                 |                 |                 |                 |                 |
+-----------------+-----------------+-----------------+-----------------+-----------------+-----------------+-----------------+-----------------+
2-May-2010 12:47:51 PM com.springsource.tcserver.security.PropertyDecoder <init>
INFO: tcServer property decoder has been initialized.
2-May-2010 12:47:52 PM com.springsource.tcserver.serviceability.rmi.JmxSocketListener init
INFO: Started up JMX registry on 127.0.0.1:6969
2-May-2010 12:47:52 PM org.apache.coyote.http11.Http11Protocol init
INFO: Initializing Coyote HTTP/1.1 on http-8080
2-May-2010 12:47:52 PM org.apache.catalina.startup.Catalina load
INFO: Initialization processed in 971 ms
2-May-2010 12:47:52 PM org.apache.catalina.core.StandardService start
INFO: Starting service Catalina
2-May-2010 12:47:52 PM org.apache.catalina.core.StandardEngine start
INFO: Starting Servlet Engine: SpringSource tc Server runtime/6.0.25.A
2-May-2010 12:47:52 PM org.apache.catalina.startup.HostConfig deployWAR
INFO: Deploying web application archive djoser.war
2-May-2010 12:47:57 PM org.apache.catalina.core.ApplicationContext log
INFO: Initializing Spring root WebApplicationContext
[TomcatAspectJWeavingClassLoader@319da967] warning javax.* types are not being woven because the weaver option '-Xset:weaveJavaxPackages=true' has not been specified
loading security config ...
loading NodeStore ... 
+----------+-----------------+------------+--------------+--------------------------------+----------------------------------------+
|    id    |   Connection    |   Nodes    |  Properties  |        Driver Classname        |              URL Pattern               |
+----------+-----------------+------------+--------------+--------------------------------+----------------------------------------+
|   100    |      Mysql      |     3      |      4       |     com.mysql.jdbc.Driver      | jdbc:mysql://[host]:[port]/[database]  |
+----------+-----------------+------------+--------------+--------------------------------+----------------------------------------+
|   121    |     Oracle      |     1      |      -       |oracle.jdbc.driver.OracleDriver |         jdbc:oracle:oci:@[sid]         |
+----------+-----------------+------------+--------------+--------------------------------+----------------------------------------+
|   123    |     Sybase      |     1      |      -       |sybase.jdbc.driver.OracleDriver |         jdbc:sybase:oci:@[sid]         |
+----------+-----------------+------------+--------------+--------------------------------+----------------------------------------+
+-----------------+-----------------+-----------------+-----------------+-----------------+-----------------+-----------------+-----------------+
|                                                            Connection Mysql Nodes                                                             |
+-----------------+-----------------+-----------------+-----------------+-----------------+-----------------+-----------------+-----------------+
|     NodeId      |      Node       |      leaf       |      Event      |     EventId     |    HandlerId    | Handler Layout  |  Handler Label  |
+-----------------+-----------------+-----------------+-----------------+-----------------+-----------------+-----------------+-----------------+
|       101       |      Mysql      |      false      |     onLoad      |       102       |       103       |      tree       |                 |
+-----------------+-----------------+-----------------+-----------------+-----------------+-----------------+-----------------+-----------------+
|       ...       |       ...       |       ...       |     onClick     |       104       |       105       |      list       |   Properties    |
+-----------------+-----------------+-----------------+-----------------+-----------------+-----------------+-----------------+-----------------+
|       ...       |       ...       |       ...       |    onExpand     |       106       |       120       |      tree       |        -        |
+-----------------+-----------------+-----------------+-----------------+-----------------+-----------------+-----------------+-----------------+
|       107       |     Tables      |      false      |    onExpand     |       108       |       109       |      tree       |                 |
+-----------------+-----------------+-----------------+-----------------+-----------------+-----------------+-----------------+-----------------+
|       ...       |       ...       |       ...       |     onClick     |       110       |       111       |      list       |   Properties    |
+-----------------+-----------------+-----------------+-----------------+-----------------+-----------------+-----------------+-----------------+
|       ...       |       ...       |       ...       |       ...       |       ...       |       112       |      grid       |     Columns     |
+-----------------+-----------------+-----------------+-----------------+-----------------+-----------------+-----------------+-----------------+
|       ...       |       ...       |       ...       |       ...       |       ...       |       113       |      grid       |      Data       |
+-----------------+-----------------+-----------------+-----------------+-----------------+-----------------+-----------------+-----------------+
|       ...       |       ...       |       ...       |       ...       |       ...       |       114       |      list       |     Script      |
+-----------------+-----------------+-----------------+-----------------+-----------------+-----------------+-----------------+-----------------+
|       115       |    Triggers     |      false      |    onExpand     |       116       |       117       |      tree       |                 |
+-----------------+-----------------+-----------------+-----------------+-----------------+-----------------+-----------------+-----------------+
|       ...       |       ...       |       ...       |     onClick     |       118       |       119       |      list       |   Properties    |
+-----------------+-----------------+-----------------+-----------------+-----------------+-----------------+-----------------+-----------------+
+-----------------+-----------------+-----------------+-----------------+-----------------+-----------------+-----------------+-----------------+
|                                                            Connection Oracle Nodes                                                            |
+-----------------+-----------------+-----------------+-----------------+-----------------+-----------------+-----------------+-----------------+
|     NodeId      |      Node       |      leaf       |      Event      |     EventId     |    HandlerId    | Handler Layout  |  Handler Label  |
+-----------------+-----------------+-----------------+-----------------+-----------------+-----------------+-----------------+-----------------+
|       122       |     Oracle      |      true       |                 |                 |                 |                 |                 |
+-----------------+-----------------+-----------------+-----------------+-----------------+-----------------+-----------------+-----------------+
+-----------------+-----------------+-----------------+-----------------+-----------------+-----------------+-----------------+-----------------+
|                                                            Connection Sybase Nodes                                                            |
+-----------------+-----------------+-----------------+-----------------+-----------------+-----------------+-----------------+-----------------+
|     NodeId      |      Node       |      leaf       |      Event      |     EventId     |    HandlerId    | Handler Layout  |  Handler Label  |
+-----------------+-----------------+-----------------+-----------------+-----------------+-----------------+-----------------+-----------------+
|       124       |     Sybase      |      true       |                 |                 |                 |                 |                 |
+-----------------+-----------------+-----------------+-----------------+-----------------+-----------------+-----------------+-----------------+
---------------Tracing action /login/authAjax---------------
Tracing action /login/authAjax
---------------Tracing action /login/authAjax---------------
Tracing action /login/authAjax
---------------Tracing action /login/authAjax---------------
Tracing action /login/authAjax
---------------Tracing action /login/authAjax---------------
Tracing action /login/authAjax
---------------Tracing action /login/authAjax---------------
Tracing action /login/authAjax
[TomcatAspectJWeavingClassLoader@22cca1ad] warning javax.* types are not being woven because the weaver option '-Xset:weaveJavaxPackages=true' has not been specified
loading security config ...
loading NodeStore ... 
+----------+-----------------+------------+--------------+--------------------------------+----------------------------------------+
|    id    |   Connection    |   Nodes    |  Properties  |        Driver Classname        |              URL Pattern               |
+----------+-----------------+------------+--------------+--------------------------------+----------------------------------------+
|   100    |      Mysql      |     3      |      4       |     com.mysql.jdbc.Driver      | jdbc:mysql://[host]:[port]/[database]  |
+----------+-----------------+------------+--------------+--------------------------------+----------------------------------------+
|   121    |     Oracle      |     1      |      -       |oracle.jdbc.driver.OracleDriver |         jdbc:oracle:oci:@[sid]         |
+----------+-----------------+------------+--------------+--------------------------------+----------------------------------------+
|   123    |     Sybase      |     1      |      -       |sybase.jdbc.driver.OracleDriver |         jdbc:sybase:oci:@[sid]         |
+----------+-----------------+------------+--------------+--------------------------------+----------------------------------------+
+-----------------+-----------------+-----------------+-----------------+-----------------+-----------------+-----------------+-----------------+
|                                                            Connection Mysql Nodes                                                             |
+-----------------+-----------------+-----------------+-----------------+-----------------+-----------------+-----------------+-----------------+
|     NodeId      |      Node       |      leaf       |      Event      |     EventId     |    HandlerId    | Handler Layout  |  Handler Label  |
+-----------------+-----------------+-----------------+-----------------+-----------------+-----------------+-----------------+-----------------+
|       101       |      Mysql      |      false      |     onLoad      |       102       |       103       |      tree       |                 |
+-----------------+-----------------+-----------------+-----------------+-----------------+-----------------+-----------------+-----------------+
|       ...       |       ...       |       ...       |     onClick     |       104       |       105       |      list       |   Properties    |
+-----------------+-----------------+-----------------+-----------------+-----------------+-----------------+-----------------+-----------------+
|       ...       |       ...       |       ...       |    onExpand     |       106       |       120       |      tree       |        -        |
+-----------------+-----------------+-----------------+-----------------+-----------------+-----------------+-----------------+-----------------+
|       107       |     Tables      |      false      |    onExpand     |       108       |       109       |      tree       |                 |
+-----------------+-----------------+-----------------+-----------------+-----------------+-----------------+-----------------+-----------------+
|       ...       |       ...       |       ...       |     onClick     |       110       |       111       |      list       |   Properties    |
+-----------------+-----------------+-----------------+-----------------+-----------------+-----------------+-----------------+-----------------+
|       ...       |       ...       |       ...       |       ...       |       ...       |       112       |      grid       |     Columns     |
+-----------------+-----------------+-----------------+-----------------+-----------------+-----------------+-----------------+-----------------+
|       ...       |       ...       |       ...       |       ...       |       ...       |       113       |      grid       |      Data       |
+-----------------+-----------------+-----------------+-----------------+-----------------+-----------------+-----------------+-----------------+
|       ...       |       ...       |       ...       |       ...       |       ...       |       114       |      list       |     Script      |
+-----------------+-----------------+-----------------+-----------------+-----------------+-----------------+-----------------+-----------------+
|       115       |    Triggers     |      false      |    onExpand     |       116       |       117       |      tree       |                 |
+-----------------+-----------------+-----------------+-----------------+-----------------+-----------------+-----------------+-----------------+
|       ...       |       ...       |       ...       |     onClick     |       118       |       119       |      list       |   Properties    |
+-----------------+-----------------+-----------------+-----------------+-----------------+-----------------+-----------------+-----------------+
+-----------------+-----------------+-----------------+-----------------+-----------------+-----------------+-----------------+-----------------+
|                                                            Connection Oracle Nodes                                                            |
+-----------------+-----------------+-----------------+-----------------+-----------------+-----------------+-----------------+-----------------+
|     NodeId      |      Node       |      leaf       |      Event      |     EventId     |    HandlerId    | Handler Layout  |  Handler Label  |
+-----------------+-----------------+-----------------+-----------------+-----------------+-----------------+-----------------+-----------------+
|       122       |     Oracle      |      true       |                 |                 |                 |                 |                 |
+-----------------+-----------------+-----------------+-----------------+-----------------+-----------------+-----------------+-----------------+
+-----------------+-----------------+-----------------+-----------------+-----------------+-----------------+-----------------+-----------------+
|                                                            Connection Sybase Nodes                                                            |
+-----------------+-----------------+-----------------+-----------------+-----------------+-----------------+-----------------+-----------------+
|     NodeId      |      Node       |      leaf       |      Event      |     EventId     |    HandlerId    | Handler Layout  |  Handler Label  |
+-----------------+-----------------+-----------------+-----------------+-----------------+-----------------+-----------------+-----------------+
|       124       |     Sybase      |      true       |                 |                 |                 |                 |                 |
+-----------------+-----------------+-----------------+-----------------+-----------------+-----------------+-----------------+-----------------+
3-May-2010 8:41:55 AM com.springsource.tcserver.security.PropertyDecoder <init>
INFO: tcServer property decoder has been initialized.
3-May-2010 8:41:56 AM com.springsource.tcserver.serviceability.rmi.JmxSocketListener init
INFO: Started up JMX registry on 127.0.0.1:6969
3-May-2010 8:41:56 AM org.apache.coyote.http11.Http11Protocol init
INFO: Initializing Coyote HTTP/1.1 on http-8080
3-May-2010 8:41:56 AM org.apache.catalina.startup.Catalina load
INFO: Initialization processed in 994 ms
3-May-2010 8:41:56 AM org.apache.catalina.core.StandardService start
INFO: Starting service Catalina
3-May-2010 8:41:56 AM org.apache.catalina.core.StandardEngine start
INFO: Starting Servlet Engine: SpringSource tc Server runtime/6.0.25.A
3-May-2010 8:41:56 AM org.apache.catalina.startup.HostConfig deployWAR
INFO: Deploying web application archive ROOT.war
3-May-2010 8:42:04 AM org.apache.catalina.core.ApplicationContext log
INFO: Initializing Spring root WebApplicationContext
[TomcatAspectJWeavingClassLoader@41021f34] warning javax.* types are not being woven because the weaver option '-Xset:weaveJavaxPackages=true' has not been specified
loading security config ...
loading NodeStore ... 
+----------+-----------------+------------+--------------+--------------------------------+----------------------------------------+
|    id    |   Connection    |   Nodes    |  Properties  |        Driver Classname        |              URL Pattern               |
+----------+-----------------+------------+--------------+--------------------------------+----------------------------------------+
|   100    |      Mysql      |     3      |      4       |     com.mysql.jdbc.Driver      | jdbc:mysql://[host]:[port]/[database]  |
+----------+-----------------+------------+--------------+--------------------------------+----------------------------------------+
|   121    |     Oracle      |     1      |      -       |oracle.jdbc.driver.OracleDriver |         jdbc:oracle:oci:@[sid]         |
+----------+-----------------+------------+--------------+--------------------------------+----------------------------------------+
|   123    |     Sybase      |     1      |      -       |sybase.jdbc.driver.OracleDriver |         jdbc:sybase:oci:@[sid]         |
+----------+-----------------+------------+--------------+--------------------------------+----------------------------------------+
+-----------------+-----------------+-----------------+-----------------+-----------------+-----------------+-----------------+-----------------+
|                                                            Connection Mysql Nodes                                                             |
+-----------------+-----------------+-----------------+-----------------+-----------------+-----------------+-----------------+-----------------+
|     NodeId      |      Node       |      leaf       |      Event      |     EventId     |    HandlerId    | Handler Layout  |  Handler Label  |
+-----------------+-----------------+-----------------+-----------------+-----------------+-----------------+-----------------+-----------------+
|       101       |      Mysql      |      false      |     onLoad      |       102       |       103       |      tree       |                 |
+-----------------+-----------------+-----------------+-----------------+-----------------+-----------------+-----------------+-----------------+
|       ...       |       ...       |       ...       |     onClick     |       104       |       105       |      list       |   Properties    |
+-----------------+-----------------+-----------------+-----------------+-----------------+-----------------+-----------------+-----------------+
|       ...       |       ...       |       ...       |    onExpand     |       106       |       120       |      tree       |        -        |
+-----------------+-----------------+-----------------+-----------------+-----------------+-----------------+-----------------+-----------------+
|       107       |     Tables      |      false      |    onExpand     |       108       |       109       |      tree       |                 |
+-----------------+-----------------+-----------------+-----------------+-----------------+-----------------+-----------------+-----------------+
|       ...       |       ...       |       ...       |     onClick     |       110       |       111       |      list       |   Properties    |
+-----------------+-----------------+-----------------+-----------------+-----------------+-----------------+-----------------+-----------------+
|       ...       |       ...       |       ...       |       ...       |       ...       |       112       |      grid       |     Columns     |
+-----------------+-----------------+-----------------+-----------------+-----------------+-----------------+-----------------+-----------------+
|       ...       |       ...       |       ...       |       ...       |       ...       |       113       |      grid       |      Data       |
+-----------------+-----------------+-----------------+-----------------+-----------------+-----------------+-----------------+-----------------+
|       ...       |       ...       |       ...       |       ...       |       ...       |       114       |      list       |     Script      |
+-----------------+-----------------+-----------------+-----------------+-----------------+-----------------+-----------------+-----------------+
|       115       |    Triggers     |      false      |    onExpand     |       116       |       117       |      tree       |                 |
+-----------------+-----------------+-----------------+-----------------+-----------------+-----------------+-----------------+-----------------+
|       ...       |       ...       |       ...       |     onClick     |       118       |       119       |      list       |   Properties    |
+-----------------+-----------------+-----------------+-----------------+-----------------+-----------------+-----------------+-----------------+
+-----------------+-----------------+-----------------+-----------------+-----------------+-----------------+-----------------+-----------------+
|                                                            Connection Oracle Nodes                                                            |
+-----------------+-----------------+-----------------+-----------------+-----------------+-----------------+-----------------+-----------------+
|     NodeId      |      Node       |      leaf       |      Event      |     EventId     |    HandlerId    | Handler Layout  |  Handler Label  |
+-----------------+-----------------+-----------------+-----------------+-----------------+-----------------+-----------------+-----------------+
|       122       |     Oracle      |      true       |                 |                 |                 |                 |                 |
+-----------------+-----------------+-----------------+-----------------+-----------------+-----------------+-----------------+-----------------+
+-----------------+-----------------+-----------------+-----------------+-----------------+-----------------+-----------------+-----------------+
|                                                            Connection Sybase Nodes                                                            |
+-----------------+-----------------+-----------------+-----------------+-----------------+-----------------+-----------------+-----------------+
|     NodeId      |      Node       |      leaf       |      Event      |     EventId     |    HandlerId    | Handler Layout  |  Handler Label  |
+-----------------+-----------------+-----------------+-----------------+-----------------+-----------------+-----------------+-----------------+
|       124       |     Sybase      |      true       |                 |                 |                 |                 |                 |
+-----------------+-----------------+-----------------+-----------------+-----------------+-----------------+-----------------+-----------------+
----------------Tracing action /login/index-----------------
Tracing action /login/index
May 3, 2010 11:09:15 AM com.springsource.tcserver.security.PropertyDecoder <init>
INFO: tcServer property decoder has been initialized.
May 3, 2010 11:09:15 AM com.springsource.tcserver.serviceability.rmi.JmxSocketListener init
INFO: Started up JMX registry on 127.0.0.1:6969
May 3, 2010 11:09:15 AM org.apache.coyote.http11.Http11Protocol init
INFO: Initializing Coyote HTTP/1.1 on http-8080
May 3, 2010 11:09:15 AM org.apache.catalina.startup.Catalina load
INFO: Initialization processed in 1381 ms
May 3, 2010 11:09:16 AM org.apache.catalina.core.StandardService start
INFO: Starting service Catalina
May 3, 2010 11:09:16 AM org.apache.catalina.core.StandardEngine start
INFO: Starting Servlet Engine: SpringSource tc Server runtime/6.0.25.A
May 3, 2010 11:09:16 AM org.apache.catalina.startup.HostConfig deployWAR
INFO: Deploying web application archive ROOT.war
May 3, 2010 11:09:47 AM org.apache.catalina.core.ApplicationContext log
INFO: Initializing Spring root WebApplicationContext
[TomcatAspectJWeavingClassLoader@d8ca48] warning javax.* types are not being woven because the weaver option '-Xset:weaveJavaxPackages=true' has not been specified
loading security config ...
loading NodeStore ... 
+----------+-----------------+------------+--------------+--------------------------------+----------------------------------------+
|    id    |   Connection    |   Nodes    |  Properties  |        Driver Classname        |              URL Pattern               |
+----------+-----------------+------------+--------------+--------------------------------+----------------------------------------+
|   100    |      Mysql      |     3      |      4       |     com.mysql.jdbc.Driver      | jdbc:mysql://[host]:[port]/[database]  |
+----------+-----------------+------------+--------------+--------------------------------+----------------------------------------+
|   121    |     Oracle      |     1      |      -       |oracle.jdbc.driver.OracleDriver |         jdbc:oracle:oci:@[sid]         |
+----------+-----------------+------------+--------------+--------------------------------+----------------------------------------+
|   123    |     Sybase      |     1      |      -       |sybase.jdbc.driver.OracleDriver |         jdbc:sybase:oci:@[sid]         |
+----------+-----------------+------------+--------------+--------------------------------+----------------------------------------+
+-----------------+-----------------+-----------------+-----------------+-----------------+-----------------+-----------------+-----------------+
|                                                            Connection Mysql Nodes                                                             |
+-----------------+-----------------+-----------------+-----------------+-----------------+-----------------+-----------------+-----------------+
|     NodeId      |      Node       |      leaf       |      Event      |     EventId     |    HandlerId    | Handler Layout  |  Handler Label  |
+-----------------+-----------------+-----------------+-----------------+-----------------+-----------------+-----------------+-----------------+
|       101       |      Mysql      |      false      |     onLoad      |       102       |       103       |      tree       |                 |
+-----------------+-----------------+-----------------+-----------------+-----------------+-----------------+-----------------+-----------------+
|       ...       |       ...       |       ...       |     onClick     |       104       |       105       |      list       |   Properties    |
+-----------------+-----------------+-----------------+-----------------+-----------------+-----------------+-----------------+-----------------+
|       ...       |       ...       |       ...       |    onExpand     |       106       |       120       |      tree       |        -        |
+-----------------+-----------------+-----------------+-----------------+-----------------+-----------------+-----------------+-----------------+
|       107       |     Tables      |      false      |    onExpand     |       108       |       109       |      tree       |                 |
+-----------------+-----------------+-----------------+-----------------+-----------------+-----------------+-----------------+-----------------+
|       ...       |       ...       |       ...       |     onClick     |       110       |       111       |      list       |   Properties    |
+-----------------+-----------------+-----------------+-----------------+-----------------+-----------------+-----------------+-----------------+
|       ...       |       ...       |       ...       |       ...       |       ...       |       112       |      grid       |     Columns     |
+-----------------+-----------------+-----------------+-----------------+-----------------+-----------------+-----------------+-----------------+
|       ...       |       ...       |       ...       |       ...       |       ...       |       113       |      grid       |      Data       |
+-----------------+-----------------+-----------------+-----------------+-----------------+-----------------+-----------------+-----------------+
|       ...       |       ...       |       ...       |       ...       |       ...       |       114       |      list       |     Script      |
+-----------------+-----------------+-----------------+-----------------+-----------------+-----------------+-----------------+-----------------+
|       115       |    Triggers     |      false      |    onExpand     |       116       |       117       |      tree       |                 |
+-----------------+-----------------+-----------------+-----------------+-----------------+-----------------+-----------------+-----------------+
|       ...       |       ...       |       ...       |     onClick     |       118       |       119       |      list       |   Properties    |
+-----------------+-----------------+-----------------+-----------------+-----------------+-----------------+-----------------+-----------------+
+-----------------+-----------------+-----------------+-----------------+-----------------+-----------------+-----------------+-----------------+
|                                                            Connection Oracle Nodes                                                            |
+-----------------+-----------------+-----------------+-----------------+-----------------+-----------------+-----------------+-----------------+
|     NodeId      |      Node       |      leaf       |      Event      |     EventId     |    HandlerId    | Handler Layout  |  Handler Label  |
+-----------------+-----------------+-----------------+-----------------+-----------------+-----------------+-----------------+-----------------+
|       122       |     Oracle      |      true       |                 |                 |                 |                 |                 |
+-----------------+-----------------+-----------------+-----------------+-----------------+-----------------+-----------------+-----------------+
+-----------------+-----------------+-----------------+-----------------+-----------------+-----------------+-----------------+-----------------+
|                                                            Connection Sybase Nodes                                                            |
+-----------------+-----------------+-----------------+-----------------+-----------------+-----------------+-----------------+-----------------+
|     NodeId      |      Node       |      leaf       |      Event      |     EventId     |    HandlerId    | Handler Layout  |  Handler Label  |
+-----------------+-----------------+-----------------+-----------------+-----------------+-----------------+-----------------+-----------------+
|       124       |     Sybase      |      true       |                 |                 |                 |                 |                 |
+-----------------+-----------------+-----------------+-----------------+-----------------+-----------------+-----------------+-----------------+
----------------Tracing action /login/index-----------------
Tracing action /login/index
